KBot/build/intermediates/manifest_merge_blame_file/debug/manifest-merger-blame-debug-report.txt
1<?xml version="1.0" encoding="utf-8"?>
2<manifest xmlns:android="http://schemas.android.com/apk/res/android"
3    package="com.example.kbotapp.android"
4    android:versionCode="1"
5    android:versionName="1.0" >
6
7    <uses-sdk
8        android:minSdkVersion="26"
8-->src\main\AndroidManifest.xml
9        android:targetSdkVersion="32" />
9-->src\main\AndroidManifest.xml
10
11    <uses-permission android:name="android.permission.QUERY_ALL_PACKAGES" />
11-->src\main\AndroidManifest.xml:5:5-119
11-->src\main\AndroidManifest.xml:5:22-74
12
13    <application
13-->src\main\AndroidManifest.xml:7:5-29:19
14        android:allowBackup="false"
14-->src\main\AndroidManifest.xml:8:9-36
15        android:appComponentFactory="androidx.core.app.CoreComponentFactory"
15-->[androidx.core:core:1.8.0] AndroidManifest.xml:24:18-86
16        android:debuggable="true"
17        android:extractNativeLibs="false"
18        android:supportsRtl="true"
18-->src\main\AndroidManifest.xml:9:9-35
19        android:testOnly="true"
20        android:theme="@style/AppTheme" >
20-->src\main\AndroidManifest.xml:10:9-40
21        <activity
21-->src\main\AndroidManifest.xml:11:9-19:20
22            android:name="com.example.kbotapp.android.ChatActivity"
22-->src\main\AndroidManifest.xml:12:13-41
23            android:exported="false"
23-->src\main\AndroidManifest.xml:13:13-37
24            android:label="@string/title_activity_chat"
24-->src\main\AndroidManifest.xml:14:13-56
25            android:theme="@style/AppTheme" >
25-->src\main\AndroidManifest.xml:15:13-44
26            <meta-data
26-->src\main\AndroidManifest.xml:16:13-18:36
27                android:name="android.app.lib_name"
27-->src\main\AndroidManifest.xml:17:17-52
28                android:value="" />
28-->src\main\AndroidManifest.xml:18:17-33
29        </activity>
30        <activity
30-->src\main\AndroidManifest.xml:20:9-28:20
31            android:name="com.example.kbotapp.android.MainActivity"
31-->src\main\AndroidManifest.xml:21:13-41
32            android:exported="true" >
32-->src\main\AndroidManifest.xml:22:13-36
33            <intent-filter>
33-->src\main\AndroidManifest.xml:23:13-27:29
34                <action android:name="android.intent.action.MAIN" />
34-->src\main\AndroidManifest.xml:24:17-69
34-->src\main\AndroidManifest.xml:24:25-66
35
36                <category android:name="android.intent.category.LAUNCHER" />
36-->src\main\AndroidManifest.xml:26:17-77
36-->src\main\AndroidManifest.xml:26:27-74
37            </intent-filter>
38        </activity>
39        <activity
39-->[androidx.compose.ui:ui-tooling:1.2.1] AndroidManifest.xml:24:9-26:39
40            android:name="androidx.compose.ui.tooling.PreviewActivity"
40-->[androidx.compose.ui:ui-tooling:1.2.1] AndroidManifest.xml:25:13-71
41            android:exported="true" />
41-->[androidx.compose.ui:ui-tooling:1.2.1] AndroidManifest.xml:26:13-36
42        <activity
42-->[androidx.compose.ui:ui-test-manifest:1.1.1] AndroidManifest.xml:25:9-27:39
43            android:name="androidx.activity.ComponentActivity"
43-->[androidx.compose.ui:ui-test-manifest:1.1.1] AndroidManifest.xml:26:13-63
44            android:exported="true" />
44-->[androidx.compose.ui:ui-test-manifest:1.1.1] AndroidManifest.xml:27:13-36
45
46        <provider
46-->[androidx.profileinstaller:profileinstaller:1.2.0] AndroidManifest.xml:25:9-33:20
47            android:name="androidx.startup.InitializationProvider"
47-->[androidx.profileinstaller:profileinstaller:1.2.0] AndroidManifest.xml:26:13-67
48            android:authorities="com.example.kbotapp.android.androidx-startup"
48-->[androidx.profileinstaller:profileinstaller:1.2.0] AndroidManifest.xml:27:13-68
49            android:exported="false" >
49-->[androidx.profileinstaller:profileinstaller:1.2.0] AndroidManifest.xml:28:13-37
50            <meta-data
50-->[androidx.profileinstaller:profileinstaller:1.2.0] AndroidManifest.xml:30:13-32:52
51                android:name="androidx.profileinstaller.ProfileInstallerInitializer"
51-->[androidx.profileinstaller:profileinstaller:1.2.0] AndroidManifest.xml:31:17-85
52                android:value="androidx.startup" />
52-->[androidx.profileinstaller:profileinstaller:1.2.0] AndroidManifest.xml:32:17-49
53        </provider>
54
55        <receiver
55-->[androidx.profileinstaller:profileinstaller:1.2.0] AndroidManifest.xml:35:9-47:20
56            android:name="androidx.profileinstaller.ProfileInstallReceiver"
56-->[androidx.profileinstaller:profileinstaller:1.2.0] AndroidManifest.xml:36:13-76
57            android:directBootAware="false"
57-->[androidx.profileinstaller:profileinstaller:1.2.0] AndroidManifest.xml:37:13-44
58            android:enabled="true"
58-->[androidx.profileinstaller:profileinstaller:1.2.0] AndroidManifest.xml:38:13-35
59            android:exported="true"
59-->[androidx.profileinstaller:profileinstaller:1.2.0] AndroidManifest.xml:39:13-36
60            android:permission="android.permission.DUMP" >
60-->[androidx.profileinstaller:profileinstaller:1.2.0] AndroidManifest.xml:40:13-57
61            <intent-filter>
61-->[androidx.profileinstaller:profileinstaller:1.2.0] AndroidManifest.xml:41:13-43:29
62                <action android:name="androidx.profileinstaller.action.INSTALL_PROFILE" />
62-->[androidx.profileinstaller:profileinstaller:1.2.0] AndroidManifest.xml:42:17-91
62-->[androidx.profileinstaller:profileinstaller:1.2.0] AndroidManifest.xml:42:25-88
63            </intent-filter>
64            <intent-filter>
64-->[androidx.profileinstaller:profileinstaller:1.2.0] AndroidManifest.xml:44:13-46:29
65                <action android:name="androidx.profileinstaller.action.SKIP_FILE" />
65-->[androidx.profileinstaller:profileinstaller:1.2.0] AndroidManifest.xml:45:17-85
65-->[androidx.profileinstaller:profileinstaller:1.2.0] AndroidManifest.xml:45:25-82
66            </intent-filter>
67        </receiver>
68    </application>
69
70</manifest>